12-Dec-2024 15:50:36.258 INFO [main] org.apache.catalina.core.ApplicationContext.log ContextListener: contextInitialized()
12-Dec-2024 15:50:36.258 INFO [main] org.apache.catalina.core.ApplicationContext.log SessionListener: contextInitialized()
12-Dec-2024 15:50:36.258 INFO [main] org.apache.catalina.core.ApplicationContext.log ContextListener: attributeAdded('StockTicker', 'async.Stockticker@6b5966e1')
12-Dec-2024 15:51:46.868 INFO [Catalina-utility-2] org.apache.catalina.core.ApplicationContext.log No Spring WebApplicationInitializer types detected on classpath
12-Dec-2024 15:51:46.873 INFO [Catalina-utility-2] org.apache.catalina.core.ApplicationContext.log Initializing Spring root WebApplicationContext
12-Dec-2024 15:51:46.986 INFO [Catalina-utility-2] org.apache.catalina.core.ApplicationContext.log Initializing Spring DispatcherServlet 'SpringDispatcher'
12-Dec-2024 15:52:04.339 INFO [Thread-1] org.apache.catalina.core.ApplicationContext.log SessionListener: contextDestroyed()
12-Dec-2024 15:52:04.339 INFO [Thread-1] org.apache.catalina.core.ApplicationContext.log ContextListener: contextDestroyed()
12-Dec-2024 15:52:04.343 INFO [Thread-1] org.apache.catalina.core.ApplicationContext.log Destroying Spring FrameworkServlet 'SpringDispatcher'
12-Dec-2024 15:52:04.345 INFO [Thread-1] org.apache.catalina.core.ApplicationContext.log Closing Spring root WebApplicationContext
12-Dec-2024 15:52:12.385 INFO [main] org.apache.catalina.core.ApplicationContext.log No Spring WebApplicationInitializer types detected on classpath
12-Dec-2024 15:52:12.391 INFO [main] org.apache.catalina.core.ApplicationContext.log Initializing Spring root WebApplicationContext
12-Dec-2024 15:52:12.513 INFO [main] org.apache.catalina.core.ApplicationContext.log Initializing Spring DispatcherServlet 'SpringDispatcher'
12-Dec-2024 15:52:12.870 INFO [main] org.apache.catalina.core.ApplicationContext.log ContextListener: contextInitialized()
12-Dec-2024 15:52:12.870 INFO [main] org.apache.catalina.core.ApplicationContext.log SessionListener: contextInitialized()
12-Dec-2024 15:52:12.871 INFO [main] org.apache.catalina.core.ApplicationContext.log ContextListener: attributeAdded('StockTicker', 'async.Stockticker@3c9c91e3')
12-Dec-2024 15:55:29.604 INFO [Thread-1] org.apache.catalina.core.ApplicationContext.log SessionListener: contextDestroyed()
12-Dec-2024 15:55:29.604 INFO [Thread-1] org.apache.catalina.core.ApplicationContext.log ContextListener: contextDestroyed()
12-Dec-2024 15:55:29.610 INFO [Thread-1] org.apache.catalina.core.ApplicationContext.log Destroying Spring FrameworkServlet 'SpringDispatcher'
12-Dec-2024 15:55:29.621 INFO [Thread-1] org.apache.catalina.core.ApplicationContext.log Closing Spring root WebApplicationContext
